<?xml version="1.0" encoding="UTF-8"?>
<robot generator="Robot 5.0.1 (Python 3.10.6 on win32)" generated="20220926 18:05:56.842" rpa="false" schemaversion="3">
<suite id="s1" name="Home" source="C:\QA\teste-figurinhas-copa2022\home.robot">
<test id="s1-t1" name="Deve validar o slogan da home page" line="6">
<kw name="New Browser" library="Browser">
<arg>headless=False</arg>
<tag>BrowserControl</tag>
<tag>Setter</tag>
<doc>Create a new playwright Browser with specified options.</doc>
<msg timestamp="20220926 18:05:57.624" level="INFO">{"browser": "chromium", "headless": false, "devtools": false, "handleSIGHUP": true, "handleSIGINT": true, "handleSIGTERM": true, "slowMo": 0.0, "timeout": 30000.0, "deprecated_pos_args": [], "tracesDir": "C:\\QA\\teste-figurinhas-copa2022\\browser\\traces\\32fa53f8-2a90-45ef-b28e-3d3332dec6e6"}</msg>
<msg timestamp="20220926 18:05:58.695" level="INFO">Successfully created browser with options: {"browser":"chromium","headless":false,"devtools":false,"handleSIGHUP":true,"handleSIGINT":true,"handleSIGTERM":true,"slowMo":0,"timeout":30000,"deprecated_pos_args":[],"tracesDir":"C:\\QA\\teste-figurinhas-copa2022\\browser\\traces\\32fa53f8-2a90-45ef-b28e-3d3332dec6e6"}</msg>
<status status="PASS" starttime="20220926 18:05:57.623" endtime="20220926 18:05:58.695"/>
</kw>
<kw name="New Page" library="Browser">
<arg>https://trade-sticker-dev.vercel.app</arg>
<tag>BrowserControl</tag>
<tag>Setter</tag>
<doc>Open a new Page.</doc>
<msg timestamp="20220926 18:06:01.409" level="INFO">Successfully initialized new page object and opened url: https://trade-sticker-dev.vercel.app</msg>
<msg timestamp="20220926 18:06:01.410" level="INFO">No context was open. New context was automatically opened when this page is created.</msg>
<status status="PASS" starttime="20220926 18:05:58.695" endtime="20220926 18:06:01.410"/>
</kw>
<kw name="Get Text" library="Browser">
<arg>.logo-container h2</arg>
<arg>contains</arg>
<arg>Conectando colecionadores de figurinhas da copa.</arg>
<tag>Assertion</tag>
<tag>Getter</tag>
<tag>PageContent</tag>
<doc>Returns text attribute of the element found by ``selector``.</doc>
<status status="PASS" starttime="20220926 18:06:01.410" endtime="20220926 18:06:01.468"/>
</kw>
<kw name="Take Screenshot" library="Browser">
<tag>PageContent</tag>
<doc>Takes a screenshot of the current window or element and saves it to disk.</doc>
<msg timestamp="20220926 18:06:01.905" level="INFO" html="true">&lt;/td&gt;&lt;/tr&gt;&lt;tr&gt;&lt;td colspan="3"&gt;&lt;a href="browser/screenshot/robotframework-browser-screenshot-1.png"&gt;&lt;img src="browser/screenshot/robotframework-browser-screenshot-1.png" width="800px"&gt;&lt;/a&gt;</msg>
<status status="PASS" starttime="20220926 18:06:01.469" endtime="20220926 18:06:01.905"/>
</kw>
<status status="PASS" starttime="20220926 18:05:57.619" endtime="20220926 18:06:01.906"/>
</test>
<status status="PASS" starttime="20220926 18:05:56.844" endtime="20220926 18:06:02.020"/>
</suite>
<statistics>
<total>
<stat pass="1" fail="0" skip="0">All Tests</stat>
</total>
<tag>
</tag>
<suite>
<stat pass="1" fail="0" skip="0" id="s1" name="Home">Home</stat>
</suite>
</statistics>
<errors>
</errors>
</robot>
